2025-12-12 02:04:48,138 - se_portal - INFO - main.py:55 - Starting up application...
2025-12-12 02:04:48,169 - se_portal - INFO - main.py:61 - Seeding default admin user...
2025-12-12 02:04:48,190 - se_portal - INFO - main.py:71 - Default admin created with ID: 1
2025-12-12 02:12:28,537 - se_portal - INFO - main.py:61 - Starting up application...
2025-12-12 02:12:28,560 - se_portal - INFO - main.py:70 - Seeding default admin user...
2025-12-12 02:12:28,595 - se_portal - ERROR - main.py:102 - Failed to seed database: password cannot be longer than 72 bytes, truncate manually if necessary (e.g. my_password[:72])
2025-12-12 02:14:48,989 - se_portal - INFO - main.py:60 - Starting up application...
2025-12-12 02:14:49,015 - se_portal - INFO - main.py:69 - Seeding default admin user...
2025-12-12 02:14:49,467 - se_portal - INFO - main.py:79 - Default admin created.
2025-12-12 02:25:31,645 - se_portal - INFO - main.py:60 - Starting up application...
2025-12-12 02:25:31,677 - se_portal - INFO - main.py:69 - Seeding default admin user...
2025-12-12 02:25:32,120 - se_portal - INFO - main.py:79 - Default admin created.
2025-12-12 02:41:42,929 - se_portal - INFO - main.py:60 - Starting up application...
2025-12-12 02:53:54,003 - se_portal - INFO - main.py:60 - Starting up application...
2025-12-12 03:21:55,290 - se_portal - INFO - main.py:60 - Starting up application...
2025-12-12 03:21:55,466 - se_portal - ERROR - main.py:112 - Failed to seed database or load services: 'ProxmoxService' object has no attribute 'load_config'
2025-12-12 03:22:47,371 - se_portal - INFO - main.py:60 - Starting up application...
2025-12-12 03:22:47,599 - se_portal - ERROR - main.py:112 - Failed to seed database or load services: name 'email_service' is not defined
2025-12-12 03:23:24,871 - se_portal - INFO - main.py:61 - Starting up application...
2025-12-12 03:49:21,528 - se_portal - INFO - main.py:61 - Starting up application...
2025-12-12 04:02:50,899 - se_portal - INFO - main.py:61 - Starting up application...
2025-12-11 23:34:02,373 - se_portal - INFO - main.py:61 - Starting up application...
2025-12-11 23:34:02,399 - se_portal - ERROR - main.py:113 - Failed to seed database or load services: (sqlite3.OperationalError) no such column: users.hashed_password
[SQL: SELECT users.id AS users_id, users.email AS users_email, users.name AS users_name, users.role AS users_role, users.hashed_password AS users_hashed_password, users.oid AS users_oid 
FROM users 
WHERE users.email = ?
 LIMIT ? OFFSET ?]
[parameters: ('admin@cpdemo.com', 1, 0)]
(Background on this error at: https://sqlalche.me/e/20/e3q8)
2025-12-11 23:34:37,768 - se_portal - INFO - main.py:61 - Starting up application...
2025-12-11 23:34:37,797 - se_portal - INFO - main.py:67 - Seeding superadmin user...
2025-12-11 23:34:38,186 - se_portal - ERROR - main.py:113 - Failed to seed database or load services: type object 'UserRole' has no attribute 'admin'
2025-12-11 23:35:10,210 - se_portal - INFO - main.py:61 - Starting up application...
2025-12-11 23:35:10,229 - se_portal - INFO - main.py:67 - Seeding superadmin user...
2025-12-12 00:03:43,319 - se_portal - INFO - main.py:61 - Starting up application...
2025-12-12 00:03:43,387 - se_portal.email_service - INFO - email_service.py:39 - Email configuration loaded successfully.
2025-12-12 00:13:44,415 - se_portal - INFO - main.py:61 - Starting up application...
2025-12-12 00:13:44,513 - se_portal.email_service - INFO - email_service.py:39 - Email configuration loaded successfully.
2025-12-12 00:19:36,893 - se_portal - INFO - main.py:61 - Starting up application...
2025-12-12 00:19:36,985 - se_portal.email_service - INFO - email_service.py:39 - Email configuration loaded successfully.
2025-12-12 00:19:40,198 - se_portal - INFO - main.py:70 - Starting up application...
2025-12-12 00:19:40,259 - se_portal.email_service - INFO - email_service.py:39 - Email configuration loaded successfully.
2025-12-12 00:19:59,274 - se_portal - INFO - main.py:70 - Starting up application...
2025-12-12 00:19:59,346 - se_portal.email_service - INFO - email_service.py:39 - Email configuration loaded successfully.
2025-12-12 00:22:49,725 - se_portal - INFO - main.py:70 - Starting up application...
2025-12-12 00:22:49,788 - se_portal.email_service - INFO - email_service.py:39 - Email configuration loaded successfully.
2025-12-12 00:25:19,168 - se_portal - INFO - main.py:70 - Starting up application...
2025-12-12 00:25:19,237 - se_portal.email_service - INFO - email_service.py:39 - Email configuration loaded successfully.
2025-12-12 00:27:40,074 - se_portal - INFO - main.py:70 - Starting up application...
2025-12-12 00:27:40,142 - se_portal.email_service - INFO - email_service.py:39 - Email configuration loaded successfully.
2025-12-12 00:35:01,856 - se_portal - INFO - main.py:81 - Starting up application...
2025-12-12 00:35:01,951 - se_portal.email_service - INFO - email_service.py:39 - Email configuration loaded successfully.
2025-12-12 00:35:46,148 - se_portal - INFO - main.py:81 - Starting up application...
2025-12-12 00:35:46,219 - se_portal.email_service - INFO - email_service.py:39 - Email configuration loaded successfully.
2025-12-12 00:38:34,087 - se_portal - INFO - main.py:81 - Starting up application...
2025-12-12 00:38:34,184 - se_portal.email_service - INFO - email_service.py:39 - Email configuration loaded successfully.
2025-12-12 00:42:57,620 - se_portal.email_service - INFO - email_service.py:39 - Email configuration loaded successfully.
2025-12-12 00:43:43,099 - se_portal.email_service - INFO - email_service.py:39 - Email configuration loaded successfully.
2025-12-12 00:43:52,210 - se_portal.email_service - INFO - email_service.py:39 - Email configuration loaded successfully.
2025-12-12 00:44:07,334 - se_portal.email_service - INFO - email_service.py:39 - Email configuration loaded successfully.
2025-12-12 00:44:35,520 - se_portal.email_service - INFO - email_service.py:39 - Email configuration loaded successfully.
2025-12-12 00:44:43,301 - se_portal.email_service - INFO - email_service.py:39 - Email configuration loaded successfully.
2025-12-12 00:45:09,030 - se_portal.email_service - INFO - email_service.py:39 - Email configuration loaded successfully.
2025-12-12 00:45:18,622 - se_portal.email_service - INFO - email_service.py:39 - Email configuration loaded successfully.
2025-12-12 00:55:29,110 - se_portal - INFO - main.py:81 - Starting up application...
2025-12-12 00:55:29,197 - se_portal.email_service - INFO - email_service.py:39 - Email configuration loaded successfully.
2025-12-12 01:17:54,153 - se_portal.email_service - INFO - email_service.py:39 - Email configuration loaded successfully.
2025-12-12 01:17:59,055 - se_portal.email_service - INFO - email_service.py:39 - Email configuration loaded successfully.
2025-12-12 01:18:04,374 - se_portal.email_service - INFO - email_service.py:39 - Email configuration loaded successfully.
2025-12-12 01:20:03,310 - se_portal - INFO - main.py:81 - Starting up application...
2025-12-12 01:20:03,396 - se_portal.email_service - INFO - email_service.py:39 - Email configuration loaded successfully.
2025-12-12 01:20:47,626 - se_portal.email_service - ERROR - email_service.py:81 - Failed to send email: Exception raised Timed out connecting to 203.0.113.250 on port 25, check your credentials or email service configuration
2025-12-12 01:23:54,221 - se_portal.email_service - INFO - email_service.py:39 - Email configuration loaded successfully.
2025-12-12 01:24:24,419 - se_portal.email_service - ERROR - email_service.py:81 - Failed to send email: Exception raised Timed out connecting to 10.1.2.250 on port 25, check your credentials or email service configuration
2025-12-12 01:30:16,406 - se_portal.email_service - INFO - email_service.py:39 - Email configuration loaded successfully.
2025-12-12 01:30:37,587 - se_portal.email_service - ERROR - email_service.py:81 - Failed to send email: Exception raised Timed out connecting to 10.1.2.250 on port 25, check your credentials or email service configuration
2025-12-12 01:31:47,980 - se_portal.email_service - INFO - email_service.py:39 - Email configuration loaded successfully.
2025-12-12 01:32:01,102 - se_portal.email_service - INFO - email_service.py:39 - Email configuration loaded successfully.
2025-12-12 01:32:22,325 - se_portal.email_service - ERROR - email_service.py:81 - Failed to send email: Exception raised Timed out connecting to 10.1.2.250 on port 25, check your credentials or email service configuration
2025-12-12 01:50:04,245 - se_portal.email_service - ERROR - email_service.py:81 - Failed to send email: Exception raised Timed out connecting to 10.1.2.250 on port 25, check your credentials or email service configuration
2025-12-12 02:09:56,360 - se_portal.email_service - INFO - email_service.py:39 - Email configuration loaded successfully.
2025-12-12 02:10:05,071 - se_portal.email_service - ERROR - email_service.py:81 - Failed to send email: Exception raised The SMTP AUTH extension is not supported by this server. Try connecting via TLS (or STARTTLS)., check your credentials or email service configuration
2025-12-12 02:11:44,773 - se_portal.email_service - INFO - email_service.py:39 - Email configuration loaded successfully.
2025-12-12 02:11:54,778 - se_portal.email_service - ERROR - email_service.py:81 - Failed to send email: Exception raised SMTP STARTTLS extension not supported by server., check your credentials or email service configuration
2025-12-12 02:12:18,151 - se_portal - DEBUG - main.py:151 - Root endpoint called. Proxmox Status: Mock Mode
2025-12-12 02:12:59,943 - se_portal.email_service - INFO - email_service.py:39 - Email configuration loaded successfully.
2025-12-12 02:13:05,738 - se_portal.email_service - INFO - email_service.py:39 - Email configuration loaded successfully.
2025-12-12 02:13:09,361 - se_portal.email_service - INFO - email_service.py:39 - Email configuration loaded successfully.
2025-12-12 02:13:43,562 - se_portal.email_service - ERROR - email_service.py:81 - Failed to send email: Exception raised Error connecting to 203.0.113.111 on port 465: [Errno 10061] Connect call failed ('203.0.113.111', 465), check your credentials or email service configuration
2025-12-12 02:15:00,880 - se_portal.email_service - INFO - email_service.py:39 - Email configuration loaded successfully.
2025-12-12 02:15:07,263 - se_portal.email_service - INFO - email_service.py:39 - Email configuration loaded successfully.
2025-12-12 02:15:36,383 - se_portal - INFO - main.py:81 - Starting up application...
2025-12-12 02:15:36,447 - se_portal.email_service - INFO - email_service.py:39 - Email configuration loaded successfully.
2025-12-12 02:16:46,532 - se_portal.email_service - ERROR - email_service.py:81 - Failed to send email: Exception raised The SMTP AUTH extension is not supported by this server. Try connecting via TLS (or STARTTLS)., check your credentials or email service configuration
2025-12-12 02:19:55,553 - se_portal.email_service - INFO - email_service.py:39 - Email configuration loaded successfully.
2025-12-12 02:19:59,869 - se_portal.email_service - INFO - email_service.py:39 - Email configuration loaded successfully.
2025-12-12 02:20:13,883 - se_portal.email_service - INFO - email_service.py:79 - Email sent to ['admininstrator@americas-ses.com']
2025-12-12 02:33:27,931 - se_portal - INFO - main.py:81 - Starting up application...
2025-12-12 02:33:28,027 - se_portal.email_service - INFO - email_service.py:39 - Email configuration loaded successfully.
2025-12-12 02:41:41,687 - se_portal.email_service - INFO - email_service.py:39 - Email configuration loaded successfully.
2025-12-12 02:41:44,461 - se_portal.email_service - INFO - email_service.py:39 - Email configuration loaded successfully.
2025-12-12 02:42:02,700 - se_portal.email_service - ERROR - email_service.py:81 - Failed to send email: [SMTPRecipientRefused(554, '5.7.1 <admin@cpdemo.com>: Recipient address rejected: Access denied', 'admin@cpdemo.com')]
2025-12-12 07:52:02,209 - se_portal - INFO - main.py:81 - Starting up application...
2025-12-12 07:52:02,398 - se_portal.email_service - INFO - email_service.py:39 - Email configuration loaded successfully.
2025-12-12 07:57:34,109 - se_portal - INFO - main.py:81 - Starting up application...
2025-12-12 07:57:34,205 - se_portal.email_service - INFO - email_service.py:39 - Email configuration loaded successfully.
2025-12-12 07:59:51,868 - se_portal - DEBUG - main.py:151 - Root endpoint called. Proxmox Status: Mock Mode
2025-12-12 08:01:11,671 - se_portal.email_service - INFO - email_service.py:39 - Email configuration loaded successfully.
2025-12-12 08:01:11,903 - se_portal.email_service - ERROR - email_service.py:81 - Failed to send email: Exception raised The SMTP AUTH extension is not supported by this server. Try connecting via TLS (or STARTTLS)., check your credentials or email service configuration
2025-12-12 08:01:50,442 - se_portal.email_service - INFO - email_service.py:39 - Email configuration loaded successfully.
2025-12-12 08:01:50,462 - se_portal.email_service - INFO - email_service.py:39 - Email configuration loaded successfully.
2025-12-12 08:01:50,491 - se_portal.email_service - INFO - email_service.py:39 - Email configuration loaded successfully.
2025-12-12 08:01:50,512 - se_portal.email_service - INFO - email_service.py:39 - Email configuration loaded successfully.
2025-12-12 08:01:50,543 - se_portal.email_service - INFO - email_service.py:39 - Email configuration loaded successfully.
2025-12-12 08:01:50,563 - se_portal.email_service - INFO - email_service.py:39 - Email configuration loaded successfully.
2025-12-12 08:01:50,586 - se_portal.email_service - INFO - email_service.py:39 - Email configuration loaded successfully.
2025-12-12 08:02:11,631 - se_portal.email_service - ERROR - email_service.py:81 - Failed to send email: Exception raised Error connecting to 10.1.2.250 on port 25: [Errno 111] Connect call failed ('10.1.2.250', 25), check your credentials or email service configuration
2025-12-12 08:02:18,375 - se_portal.email_service - INFO - email_service.py:39 - Email configuration loaded successfully.
2025-12-12 08:02:18,394 - se_portal.email_service - INFO - email_service.py:39 - Email configuration loaded successfully.
2025-12-12 08:02:18,414 - se_portal.email_service - INFO - email_service.py:39 - Email configuration loaded successfully.
2025-12-12 08:02:18,432 - se_portal.email_service - INFO - email_service.py:39 - Email configuration loaded successfully.
2025-12-12 08:02:18,450 - se_portal.email_service - INFO - email_service.py:39 - Email configuration loaded successfully.
2025-12-12 08:02:18,471 - se_portal.email_service - INFO - email_service.py:39 - Email configuration loaded successfully.
2025-12-12 08:02:18,492 - se_portal.email_service - INFO - email_service.py:39 - Email configuration loaded successfully.
2025-12-12 08:02:18,525 - se_portal.email_service - ERROR - email_service.py:81 - Failed to send email: Exception raised The SMTP AUTH extension is not supported by this server. Try connecting via TLS (or STARTTLS)., check your credentials or email service configuration
2025-12-12 08:03:34,469 - se_portal - INFO - main.py:81 - Starting up application...
2025-12-12 08:03:34,614 - se_portal.email_service - INFO - email_service.py:39 - Email configuration loaded successfully.
2025-12-12 08:03:41,938 - se_portal.email_service - INFO - email_service.py:39 - Email configuration loaded successfully.
2025-12-12 08:03:41,963 - se_portal.email_service - INFO - email_service.py:39 - Email configuration loaded successfully.
2025-12-12 08:03:41,996 - se_portal.email_service - INFO - email_service.py:39 - Email configuration loaded successfully.
2025-12-12 08:03:42,020 - se_portal.email_service - INFO - email_service.py:39 - Email configuration loaded successfully.
2025-12-12 08:03:42,040 - se_portal.email_service - INFO - email_service.py:39 - Email configuration loaded successfully.
2025-12-12 08:03:42,060 - se_portal.email_service - INFO - email_service.py:39 - Email configuration loaded successfully.
2025-12-12 08:03:42,080 - se_portal.email_service - INFO - email_service.py:39 - Email configuration loaded successfully.
2025-12-12 08:03:42,197 - se_portal.email_service - ERROR - email_service.py:81 - Failed to send email: Exception raised The SMTP AUTH extension is not supported by this server. Try connecting via TLS (or STARTTLS)., check your credentials or email service configuration
2025-12-12 08:04:29,422 - se_portal - INFO - main.py:81 - Starting up application...
2025-12-12 08:04:29,589 - se_portal.email_service - INFO - email_service.py:39 - Email configuration loaded successfully.
2025-12-12 08:04:37,382 - se_portal.email_service - INFO - email_service.py:39 - Email configuration loaded successfully.
2025-12-12 08:04:37,404 - se_portal.email_service - INFO - email_service.py:39 - Email configuration loaded successfully.
2025-12-12 08:04:37,425 - se_portal.email_service - INFO - email_service.py:39 - Email configuration loaded successfully.
2025-12-12 08:04:37,445 - se_portal.email_service - INFO - email_service.py:39 - Email configuration loaded successfully.
2025-12-12 08:04:37,464 - se_portal.email_service - INFO - email_service.py:39 - Email configuration loaded successfully.
2025-12-12 08:04:37,484 - se_portal.email_service - INFO - email_service.py:39 - Email configuration loaded successfully.
2025-12-12 08:04:37,502 - se_portal.email_service - INFO - email_service.py:39 - Email configuration loaded successfully.
2025-12-12 08:04:37,521 - se_portal.email_service - INFO - email_service.py:39 - Email configuration loaded successfully.
2025-12-12 08:04:37,614 - se_portal.email_service - INFO - email_service.py:79 - Email sent to ['admininstrator@americas-ses.com']
2025-12-12 08:05:10,462 - se_portal.email_service - ERROR - email_service.py:81 - Failed to send email: [SMTPRecipientRefused(554, '5.7.1 <admin@cpdemo.com>: Recipient address rejected: Access denied', 'admin@cpdemo.com')]
2025-12-12 08:06:11,439 - se_portal.email_service - ERROR - email_service.py:81 - Failed to send email: [SMTPRecipientRefused(554, '5.7.1 <admin@cpdemo.com>: Recipient address rejected: Access denied', 'admin@cpdemo.com')]
2025-12-12 08:06:59,679 - se_portal.email_service - ERROR - email_service.py:81 - Failed to send email: [SMTPRecipientRefused(554, '5.7.1 <admin@cpdemo.com>: Recipient address rejected: Access denied', 'admin@cpdemo.com')]
2025-12-12 08:07:14,656 - se_portal.email_service - INFO - email_service.py:39 - Email configuration loaded successfully.
2025-12-12 08:07:14,788 - se_portal.email_service - ERROR - email_service.py:81 - Failed to send email: [SMTPRecipientRefused(554, '5.7.1 <admin@cpdemo.com>: Recipient address rejected: Access denied', 'admin@cpdemo.com')]
2025-12-12 08:07:24,969 - se_portal.email_service - ERROR - email_service.py:81 - Failed to send email: [SMTPRecipientRefused(554, '5.7.1 <admin@cpdemo.com>: Recipient address rejected: Access denied', 'admin@cpdemo.com')]
2025-12-12 08:07:33,682 - se_portal.email_service - ERROR - email_service.py:81 - Failed to send email: [SMTPRecipientRefused(554, '5.7.1 <admin@cpdemo.com>: Recipient address rejected: Access denied', 'admin@cpdemo.com')]
2025-12-12 08:09:23,678 - se_portal.email_service - ERROR - email_service.py:81 - Failed to send email: [SMTPRecipientRefused(554, '5.7.1 <admin@cpdemo.com>: Recipient address rejected: Access denied', 'admin@cpdemo.com')]
2025-12-12 08:10:36,618 - se_portal.email_service - INFO - email_service.py:39 - Email configuration loaded successfully.
2025-12-12 08:10:36,642 - se_portal.email_service - INFO - email_service.py:39 - Email configuration loaded successfully.
2025-12-12 08:10:36,666 - se_portal.email_service - INFO - email_service.py:39 - Email configuration loaded successfully.
2025-12-12 08:10:36,690 - se_portal.email_service - INFO - email_service.py:39 - Email configuration loaded successfully.
2025-12-12 08:10:36,731 - se_portal.email_service - INFO - email_service.py:39 - Email configuration loaded successfully.
2025-12-12 08:10:36,755 - se_portal.email_service - INFO - email_service.py:39 - Email configuration loaded successfully.
2025-12-12 08:10:36,774 - se_portal.email_service - INFO - email_service.py:39 - Email configuration loaded successfully.
2025-12-12 08:10:36,792 - se_portal.email_service - INFO - email_service.py:39 - Email configuration loaded successfully.
2025-12-12 08:10:36,860 - se_portal.email_service - INFO - email_service.py:79 - Email sent to ['administrator@americas-ses.com']
2025-12-12 08:11:55,012 - se_portal - INFO - main.py:81 - Starting up application...
2025-12-12 08:11:55,096 - se_portal.email_service - INFO - email_service.py:39 - Email configuration loaded successfully.
2025-12-12 08:14:13,673 - se_portal - INFO - main.py:81 - Starting up application...
2025-12-12 08:14:13,812 - se_portal.email_service - INFO - email_service.py:39 - Email configuration loaded successfully.
2025-12-12 08:18:13,544 - se_portal - INFO - main.py:81 - Starting up application...
2025-12-12 08:18:13,627 - se_portal.email_service - INFO - email_service.py:39 - Email configuration loaded successfully.
2025-12-12 08:23:33,510 - se_portal.email_service - INFO - email_service.py:79 - Email sent to ['info@americas-ses.com']
2025-12-12 08:32:38,551 - se_portal - INFO - main.py:81 - Starting up application...
2025-12-12 08:32:38,646 - se_portal.email_service - INFO - email_service.py:39 - Email configuration loaded successfully.
2025-12-12 08:35:29,871 - se_portal - INFO - main.py:81 - Starting up application...
2025-12-12 08:35:29,971 - se_portal.email_service - INFO - email_service.py:39 - Email configuration loaded successfully.
2025-12-12 08:40:38,560 - se_portal - INFO - main.py:81 - Starting up application...
2025-12-12 08:40:38,682 - se_portal.email_service - INFO - email_service.py:39 - Email configuration loaded successfully.
2025-12-12 08:42:17,513 - se_portal - INFO - main.py:81 - Starting up application...
2025-12-12 08:42:17,592 - se_portal.email_service - INFO - email_service.py:39 - Email configuration loaded successfully.
2025-12-12 08:47:18,511 - se_portal - INFO - main.py:81 - Starting up application...
2025-12-12 08:47:18,604 - se_portal.email_service - INFO - email_service.py:39 - Email configuration loaded successfully.
2025-12-12 09:05:00,014 - se_portal - INFO - main.py:81 - Starting up application...
2025-12-12 09:05:00,105 - se_portal.email_service - INFO - email_service.py:39 - Email configuration loaded successfully.
2025-12-12 09:06:09,161 - se_portal - INFO - templates.py:107 - Updated template: Advanced Security
2025-12-12 17:40:10,524 - se_portal - INFO - main.py:81 - Starting up application...
2025-12-12 17:40:10,606 - se_portal.email_service - INFO - email_service.py:39 - Email configuration loaded successfully.
2025-12-12 17:43:18,227 - se_portal - INFO - main.py:81 - Starting up application...
2025-12-12 17:43:18,310 - se_portal.email_service - INFO - email_service.py:39 - Email configuration loaded successfully.
2025-12-12 18:10:46,435 - se_portal - INFO - main.py:81 - Starting up application...
2025-12-12 18:10:46,526 - se_portal.email_service - INFO - email_service.py:39 - Email configuration loaded successfully.
2025-12-12 18:10:46,540 - se_portal - ERROR - main.py:151 - Failed to seed database or load services: (psycopg2.errors.UndefinedColumn) column templates.provider does not exist
LINE 1: ...es_description, templates.icon AS templates_icon, templates....
                                                             ^

[SQL: SELECT templates.id AS templates_id, templates.name AS templates_name, templates.description AS templates_description, templates.icon AS templates_icon, templates.provider AS templates_provider, templates.vm_config AS templates_vm_config, templates.is_active AS templates_is_active, templates.created_at AS templates_created_at, templates.updated_at AS templates_updated_at 
FROM templates 
WHERE templates.name = %(name_1)s 
 LIMIT %(param_1)s]
[parameters: {'name_1': 'Base Environment', 'param_1': 1}]
(Background on this error at: https://sqlalche.me/e/20/f405)
2025-12-12 18:19:27,300 - se_portal - INFO - main.py:81 - Starting up application...
2025-12-12 18:19:27,430 - se_portal.email_service - INFO - email_service.py:39 - Email configuration loaded successfully.
2025-12-12 18:19:27,442 - se_portal - ERROR - main.py:187 - Failed to seed database or load services: (psycopg2.errors.UndefinedColumn) column templates.provider does not exist
LINE 1: ...es_description, templates.icon AS templates_icon, templates....
                                                             ^

[SQL: SELECT templates.id AS templates_id, templates.name AS templates_name, templates.description AS templates_description, templates.icon AS templates_icon, templates.provider AS templates_provider, templates.vm_config AS templates_vm_config, templates.is_active AS templates_is_active, templates.created_at AS templates_created_at, templates.updated_at AS templates_updated_at 
FROM templates 
WHERE templates.name = %(name_1)s 
 LIMIT %(param_1)s]
[parameters: {'name_1': 'Base Environment', 'param_1': 1}]
(Background on this error at: https://sqlalche.me/e/20/f405)
2025-12-12 18:22:13,178 - se_portal - INFO - main.py:81 - Starting up application...
2025-12-12 18:22:13,212 - se_portal - INFO - main.py:87 - Seeding superadmin user...
2025-12-12 18:22:13,765 - se_portal.email_service - INFO - email_service.py:39 - Email configuration loaded successfully.
2025-12-12 18:29:08,013 - se_portal - INFO - main.py:81 - Starting up application...
2025-12-12 18:29:08,118 - se_portal.email_service - INFO - email_service.py:39 - Email configuration loaded successfully.
2025-12-12 20:16:05,976 - se_portal.email_service - INFO - email_service.py:39 - Email configuration loaded successfully.
2025-12-12 20:16:14,226 - se_portal.email_service - INFO - email_service.py:39 - Email configuration loaded successfully.
2025-12-12 20:16:27,300 - se_portal.email_service - INFO - email_service.py:39 - Email configuration loaded successfully.
2025-12-12 20:16:39,978 - se_portal.email_service - ERROR - email_service.py:81 - Failed to send email: Exception raised Error connecting to smtp.example.com on port 587: [Errno -2] Name or service not known, check your credentials or email service configuration
2025-12-12 20:16:53,433 - se_portal.email_service - INFO - email_service.py:39 - Email configuration loaded successfully.
2025-12-12 20:16:55,635 - se_portal.email_service - ERROR - email_service.py:81 - Failed to send email: Exception raised Error connecting to 203.0.113.111 on port 587: [Errno 111] Connect call failed ('203.0.113.111', 587), check your credentials or email service configuration
2025-12-12 20:17:03,670 - se_portal.email_service - INFO - email_service.py:39 - Email configuration loaded successfully.
2025-12-12 20:17:24,806 - se_portal.email_service - ERROR - email_service.py:81 - Failed to send email: Exception raised Error connecting to 203.0.113.250 on port 587: [Errno 111] Connect call failed ('203.0.113.250', 587), check your credentials or email service configuration
2025-12-12 20:19:11,675 - se_portal.email_service - INFO - email_service.py:39 - Email configuration loaded successfully.
2025-12-12 20:19:13,823 - se_portal.email_service - ERROR - email_service.py:81 - Failed to send email: Exception raised Error connecting to 10.1.2.111 on port 587: [Errno 111] Connect call failed ('10.1.2.111', 587), check your credentials or email service configuration
2025-12-12 20:19:27,266 - se_portal.email_service - INFO - email_service.py:39 - Email configuration loaded successfully.
2025-12-12 20:19:48,437 - se_portal.email_service - ERROR - email_service.py:81 - Failed to send email: Exception raised Error connecting to 10.1.2.250 on port 587: [Errno 111] Connect call failed ('10.1.2.250', 587), check your credentials or email service configuration
2025-12-12 21:24:14,689 - se_portal - INFO - main.py:81 - Starting up application...
2025-12-12 21:24:14,910 - se_portal.email_service - INFO - email_service.py:39 - Email configuration loaded successfully.
2025-12-13 00:35:43,419 - se_portal - INFO - main.py:82 - Starting up application...
2025-12-13 00:35:43,575 - se_portal.email_service - INFO - email_service.py:39 - Email configuration loaded successfully.
2025-12-13 00:47:26,035 - se_portal - INFO - main.py:82 - Starting up application...
2025-12-13 00:47:26,095 - se_portal - INFO - main.py:88 - Seeding superadmin user...
2025-12-13 00:47:26,633 - se_portal.email_service - INFO - email_service.py:39 - Email configuration loaded successfully.
2025-12-13 00:57:52,025 - se_portal - INFO - main.py:82 - Starting up application...
2025-12-13 00:57:52,196 - se_portal.email_service - INFO - email_service.py:39 - Email configuration loaded successfully.
2025-12-13 00:58:31,336 - se_portal - INFO - main.py:82 - Starting up application...
2025-12-13 00:58:31,428 - se_portal.email_service - INFO - email_service.py:39 - Email configuration loaded successfully.
2025-12-13 01:26:38,495 - se_portal - INFO - main.py:82 - Starting up application...
2025-12-13 01:26:38,639 - se_portal.email_service - INFO - email_service.py:39 - Email configuration loaded successfully.
2025-12-13 01:50:52,996 - se_portal.email_service - ERROR - email_service.py:81 - Failed to send email: Exception raised Error connecting to 10.1.2.250 on port 587: [Errno 111] Connect call failed ('10.1.2.250', 587), check your credentials or email service configuration
2025-12-13 02:01:56,061 - se_portal - INFO - main.py:82 - Starting up application...
2025-12-13 02:01:56,185 - se_portal.email_service - INFO - email_service.py:39 - Email configuration loaded successfully.
2025-12-13 02:22:29,953 - se_portal - INFO - main.py:82 - Starting up application...
2025-12-13 02:22:30,057 - se_portal.email_service - INFO - email_service.py:39 - Email configuration loaded successfully.
2025-12-13 03:06:29,934 - se_portal - INFO - main.py:82 - Starting up application...
2025-12-13 03:06:30,084 - se_portal.email_service - INFO - email_service.py:39 - Email configuration loaded successfully.
2025-12-13 03:23:53,805 - se_portal - INFO - main.py:82 - Starting up application...
2025-12-13 03:23:53,901 - se_portal.email_service - INFO - email_service.py:39 - Email configuration loaded successfully.
2025-12-13 03:30:57,676 - se_portal - INFO - templates.py:97 - Created template: sbt-small with 2 VMs
2025-12-13 03:42:47,435 - se_portal - INFO - templates.py:143 - Deleted template: Advanced Security
2025-12-13 03:42:50,537 - se_portal - INFO - templates.py:143 - Deleted template: Network Simulation
2025-12-13 03:42:54,312 - se_portal - INFO - templates.py:143 - Deleted template: Base Environment
2025-12-13 03:42:57,645 - se_portal - INFO - templates.py:143 - Deleted template: sbt-small
2025-12-13 03:44:12,120 - se_portal - INFO - templates.py:97 - Created template: sbt-1-vm-vmware with 1 VMs
2025-12-13 04:12:41,591 - se_portal - INFO - main.py:82 - Starting up application...
2025-12-13 04:12:41,704 - se_portal.email_service - INFO - email_service.py:39 - Email configuration loaded successfully.
2025-12-13 04:16:55,532 - se_portal - INFO - main.py:82 - Starting up application...
2025-12-13 04:16:55,658 - se_portal.email_service - INFO - email_service.py:39 - Email configuration loaded successfully.
2025-12-13 04:59:41,656 - se_portal - INFO - templates.py:97 - Created template: vsphere-phsense with 1 VMs
2025-12-13 04:59:54,445 - se_portal - INFO - templates.py:143 - Deleted template: sbt-1-vm-vmware
2025-12-13 05:02:50,440 - se_portal - INFO - templates.py:130 - Updated template: Base Environment
2025-12-13 05:02:50,568 - se_portal - INFO - templates.py:178 - Added VM SMS-SBT-R82 to template Base Environment
2025-12-13 05:02:50,617 - se_portal - INFO - templates.py:178 - Added VM GW-SBT-R82 to template Base Environment
2025-12-13 05:03:01,256 - se_portal - INFO - templates.py:143 - Deleted template: Network Simulation
2025-12-13 05:03:04,778 - se_portal - INFO - templates.py:143 - Deleted template: Advanced Security
2025-12-13 05:03:08,202 - se_portal - INFO - templates.py:143 - Deleted template: Base Environment
2025-12-13 00:23:47,539 - se_portal - INFO - main.py:82 - Starting up application...
2025-12-13 00:23:47,752 - se_portal.email_service - INFO - email_service.py:39 - Email configuration loaded successfully.
2025-12-13 00:30:24,618 - se_portal - INFO - main.py:82 - Starting up application...
2025-12-13 00:30:24,832 - se_portal.email_service - INFO - email_service.py:39 - Email configuration loaded successfully.
2025-12-13 00:31:44,137 - se_portal - INFO - main.py:82 - Starting up application...
2025-12-13 00:31:44,340 - se_portal.email_service - INFO - email_service.py:39 - Email configuration loaded successfully.
2025-12-13 01:06:26,810 - se_portal - INFO - main.py:82 - Starting up application...
2025-12-13 01:06:27,049 - se_portal.email_service - INFO - email_service.py:39 - Email configuration loaded successfully.
2025-12-13 01:06:41,073 - se_portal - INFO - main.py:82 - Starting up application...
2025-12-13 01:06:41,335 - se_portal.email_service - INFO - email_service.py:39 - Email configuration loaded successfully.
2025-12-13 01:06:54,291 - se_portal - INFO - main.py:82 - Starting up application...
2025-12-13 01:06:54,528 - se_portal.email_service - INFO - email_service.py:39 - Email configuration loaded successfully.
2025-12-13 01:07:20,448 - se_portal - INFO - main.py:82 - Starting up application...
2025-12-13 01:07:20,675 - se_portal.email_service - INFO - email_service.py:39 - Email configuration loaded successfully.
2025-12-13 01:07:36,550 - se_portal - INFO - main.py:82 - Starting up application...
2025-12-13 01:07:36,796 - se_portal.email_service - INFO - email_service.py:39 - Email configuration loaded successfully.
2025-12-13 01:08:08,640 - se_portal - INFO - main.py:82 - Starting up application...
2025-12-13 01:08:08,904 - se_portal.email_service - INFO - email_service.py:39 - Email configuration loaded successfully.
2025-12-13 06:12:51,872 - se_portal - INFO - main.py:82 - Starting up application...
2025-12-13 06:12:51,983 - se_portal.email_service - INFO - email_service.py:39 - Email configuration loaded successfully.
2025-12-13 01:52:05,028 - se_portal - INFO - main.py:82 - Starting up application...
2025-12-13 01:52:05,268 - se_portal.email_service - INFO - email_service.py:39 - Email configuration loaded successfully.
2025-12-13 01:52:23,305 - se_portal - INFO - main.py:82 - Starting up application...
2025-12-13 01:52:23,553 - se_portal.email_service - INFO - email_service.py:39 - Email configuration loaded successfully.
2025-12-13 06:52:41,884 - se_portal - INFO - main.py:82 - Starting up application...
2025-12-13 06:52:42,028 - se_portal.email_service - INFO - email_service.py:39 - Email configuration loaded successfully.
2025-12-13 02:04:34,870 - se_portal - INFO - main.py:82 - Starting up application...
2025-12-13 02:04:35,078 - se_portal.email_service - INFO - email_service.py:39 - Email configuration loaded successfully.
2025-12-13 02:05:39,160 - se_portal - INFO - main.py:82 - Starting up application...
2025-12-13 02:05:39,405 - se_portal.email_service - INFO - email_service.py:39 - Email configuration loaded successfully.
2025-12-13 02:06:41,621 - se_portal - INFO - main.py:82 - Starting up application...
2025-12-13 02:06:41,894 - se_portal.email_service - INFO - email_service.py:39 - Email configuration loaded successfully.
2025-12-13 07:07:09,782 - se_portal - INFO - main.py:82 - Starting up application...
2025-12-13 07:07:09,911 - se_portal.email_service - INFO - email_service.py:39 - Email configuration loaded successfully.
2025-12-13 02:19:47,975 - se_portal - INFO - main.py:82 - Starting up application...
2025-12-13 02:19:51,369 - se_portal.email_service - INFO - email_service.py:39 - Email configuration loaded successfully.
2025-12-13 07:20:06,387 - se_portal - INFO - main.py:82 - Starting up application...
2025-12-13 07:20:09,726 - se_portal.email_service - INFO - email_service.py:39 - Email configuration loaded successfully.
2025-12-13 07:26:45,562 - se_portal - INFO - main.py:82 - Starting up application...
2025-12-13 07:26:48,846 - se_portal.email_service - INFO - email_service.py:39 - Email configuration loaded successfully.
2025-12-13 02:38:58,449 - se_portal - INFO - main.py:82 - Starting up application...
2025-12-13 02:39:01,792 - se_portal.email_service - INFO - email_service.py:39 - Email configuration loaded successfully.
2025-12-13 07:40:25,752 - se_portal - INFO - main.py:82 - Starting up application...
2025-12-13 07:40:30,058 - se_portal.email_service - INFO - email_service.py:39 - Email configuration loaded successfully.
2025-12-13 07:45:03,825 - se_portal - INFO - main.py:82 - Starting up application...
2025-12-13 07:45:09,133 - se_portal.email_service - INFO - email_service.py:39 - Email configuration loaded successfully.
2025-12-13 07:50:27,931 - se_portal - INFO - main.py:82 - Starting up application...
2025-12-13 07:50:31,249 - se_portal.email_service - INFO - email_service.py:39 - Email configuration loaded successfully.
2025-12-13 07:59:46,823 - se_portal - INFO - main.py:82 - Starting up application...
2025-12-13 07:59:52,145 - se_portal.email_service - INFO - email_service.py:39 - Email configuration loaded successfully.
2025-12-13 03:06:54,807 - se_portal - INFO - main.py:82 - Starting up application...
2025-12-13 03:06:58,143 - se_portal.email_service - INFO - email_service.py:39 - Email configuration loaded successfully.
2025-12-13 03:07:32,022 - se_portal - INFO - main.py:82 - Starting up application...
2025-12-13 03:07:35,460 - se_portal.email_service - INFO - email_service.py:39 - Email configuration loaded successfully.
2025-12-13 03:08:17,818 - se_portal - INFO - main.py:82 - Starting up application...
2025-12-13 03:08:21,218 - se_portal.email_service - INFO - email_service.py:39 - Email configuration loaded successfully.
2025-12-13 08:08:47,112 - se_portal - INFO - main.py:82 - Starting up application...
2025-12-13 08:08:52,460 - se_portal.email_service - INFO - email_service.py:39 - Email configuration loaded successfully.
2025-12-13 08:09:53,433 - se_portal - INFO - main.py:82 - Starting up application...
2025-12-13 08:09:53,734 - se_portal.email_service - INFO - email_service.py:39 - Email configuration loaded successfully.
2025-12-13 03:13:08,758 - se_portal - INFO - main.py:82 - Starting up application...
2025-12-13 03:13:09,081 - se_portal.email_service - INFO - email_service.py:39 - Email configuration loaded successfully.
2025-12-13 08:13:32,676 - se_portal - INFO - main.py:82 - Starting up application...
2025-12-13 08:13:32,964 - se_portal.email_service - INFO - email_service.py:39 - Email configuration loaded successfully.
2025-12-13 18:43:32,069 - se_portal - INFO - main.py:82 - Starting up application...
2025-12-13 18:43:32,375 - se_portal.email_service - INFO - email_service.py:39 - Email configuration loaded successfully.
2025-12-13 19:16:37,128 - se_portal - INFO - main.py:82 - Starting up application...
2025-12-13 19:16:37,469 - se_portal.email_service - INFO - email_service.py:39 - Email configuration loaded successfully.
2025-12-13 20:10:52,337 - se_portal - INFO - main.py:82 - Starting up application...
2025-12-13 20:10:52,377 - se_portal - INFO - main.py:88 - Seeding superadmin user...
2025-12-13 20:10:58,056 - se_portal.email_service - INFO - email_service.py:39 - Email configuration loaded successfully.
2025-12-13 20:11:26,271 - se_portal - INFO - main.py:82 - Starting up application...
2025-12-13 20:11:29,470 - se_portal.email_service - INFO - email_service.py:39 - Email configuration loaded successfully.
2025-12-13 20:13:04,220 - se_portal - INFO - main.py:82 - Starting up application...
2025-12-13 20:13:09,503 - se_portal.email_service - INFO - email_service.py:39 - Email configuration loaded successfully.
2025-12-13 20:13:23,794 - se_portal - INFO - main.py:82 - Starting up application...
2025-12-13 20:13:23,830 - se_portal - INFO - main.py:88 - Seeding superadmin user...
2025-12-13 20:13:29,356 - se_portal.email_service - INFO - email_service.py:39 - Email configuration loaded successfully.
2025-12-13 20:13:34,094 - se_portal - INFO - templates.py:97 - Created template: Ops Test Template with 0 VMs
2025-12-13 20:13:36,158 - se_portal - INFO - templates.py:178 - Added VM Mock VM 1 to template Ops Test Template
2025-12-13 20:13:46,491 - se_portal - INFO - templates.py:143 - Deleted template: Ops Test Template
2025-12-13 20:14:36,579 - se_portal - INFO - main.py:82 - Starting up application...
2025-12-13 20:14:36,686 - se_portal.email_service - INFO - email_service.py:39 - Email configuration loaded successfully.
2025-12-13 20:14:48,562 - se_portal - INFO - templates.py:97 - Created template: Ops Test Template with 0 VMs
2025-12-13 20:14:50,639 - se_portal - INFO - templates.py:178 - Added VM Mock VM 1 to template Ops Test Template
2025-12-13 20:15:11,311 - se_portal - INFO - templates.py:143 - Deleted template: Ops Test Template
2025-12-13 20:20:55,653 - se_portal - INFO - main.py:82 - Starting up application...
2025-12-13 20:20:55,732 - se_portal.email_service - INFO - email_service.py:39 - Email configuration loaded successfully.
2025-12-13 20:24:34,075 - se_portal - INFO - main.py:82 - Starting up application...
2025-12-13 20:24:34,150 - se_portal.email_service - INFO - email_service.py:39 - Email configuration loaded successfully.
2025-12-13 20:55:17,130 - se_portal - INFO - main.py:82 - Starting up application...
2025-12-13 20:55:17,208 - se_portal.email_service - INFO - email_service.py:39 - Email configuration loaded successfully.
2025-12-13 20:58:14,595 - se_portal - INFO - main.py:82 - Starting up application...
2025-12-13 20:58:14,673 - se_portal.email_service - INFO - email_service.py:39 - Email configuration loaded successfully.
2025-12-13 20:58:46,093 - se_portal - INFO - main.py:82 - Starting up application...
2025-12-13 20:58:46,244 - se_portal.email_service - INFO - email_service.py:39 - Email configuration loaded successfully.
2025-12-14 01:59:12,620 - se_portal - INFO - main.py:82 - Starting up application...
2025-12-14 01:59:13,012 - se_portal.email_service - INFO - email_service.py:39 - Email configuration loaded successfully.
2025-12-13 21:58:20,333 - se_portal - INFO - main.py:82 - Starting up application...
2025-12-13 21:58:20,412 - se_portal.email_service - INFO - email_service.py:39 - Email configuration loaded successfully.
2025-12-13 22:07:08,634 - se_portal - INFO - main.py:82 - Starting up application...
2025-12-13 22:07:08,724 - se_portal.email_service - INFO - email_service.py:39 - Email configuration loaded successfully.
2025-12-13 22:52:18,638 - se_portal - INFO - main.py:82 - Starting up application...
2025-12-13 22:52:23,817 - se_portal.email_service - INFO - email_service.py:39 - Email configuration loaded successfully.
2025-12-13 22:58:35,438 - se_portal - INFO - main.py:82 - Starting up application...
2025-12-13 22:58:38,623 - se_portal.email_service - INFO - email_service.py:39 - Email configuration loaded successfully.
2025-12-13 23:12:35,870 - se_portal - INFO - main.py:82 - Starting up application...
2025-12-13 23:12:36,038 - se_portal.email_service - INFO - email_service.py:39 - Email configuration loaded successfully.
2025-12-13 23:14:42,006 - se_portal - INFO - main.py:82 - Starting up application...
2025-12-13 23:14:42,169 - se_portal.email_service - INFO - email_service.py:39 - Email configuration loaded successfully.
2025-12-13 23:15:31,470 - se_portal - INFO - main.py:82 - Starting up application...
2025-12-13 23:15:31,636 - se_portal.email_service - INFO - email_service.py:39 - Email configuration loaded successfully.
2025-12-13 23:19:38,366 - se_portal - INFO - main.py:82 - Starting up application...
2025-12-13 23:19:38,533 - se_portal.email_service - INFO - email_service.py:39 - Email configuration loaded successfully.
2025-12-13 23:20:18,686 - se_portal - INFO - main.py:82 - Starting up application...
2025-12-13 23:20:18,849 - se_portal.email_service - INFO - email_service.py:39 - Email configuration loaded successfully.
2025-12-13 23:21:12,628 - se_portal - INFO - main.py:82 - Starting up application...
2025-12-13 23:21:12,791 - se_portal.email_service - INFO - email_service.py:39 - Email configuration loaded successfully.
2025-12-13 23:22:33,490 - se_portal - INFO - main.py:82 - Starting up application...
2025-12-13 23:22:33,657 - se_portal.email_service - INFO - email_service.py:39 - Email configuration loaded successfully.
2025-12-13 23:23:55,523 - se_portal - INFO - main.py:82 - Starting up application...
2025-12-13 23:23:55,697 - se_portal.email_service - INFO - email_service.py:39 - Email configuration loaded successfully.
2025-12-13 23:50:07,177 - se_portal - INFO - main.py:82 - Starting up application...
2025-12-13 23:50:07,332 - se_portal.email_service - INFO - email_service.py:39 - Email configuration loaded successfully.
2025-12-13 23:50:36,783 - se_portal - INFO - main.py:82 - Starting up application...
2025-12-13 23:50:36,963 - se_portal.email_service - INFO - email_service.py:39 - Email configuration loaded successfully.
2025-12-13 23:51:51,943 - se_portal - INFO - main.py:82 - Starting up application...
2025-12-13 23:51:52,102 - se_portal.email_service - INFO - email_service.py:39 - Email configuration loaded successfully.
2025-12-13 23:52:21,992 - se_portal - INFO - main.py:82 - Starting up application...
2025-12-13 23:52:22,157 - se_portal.email_service - INFO - email_service.py:39 - Email configuration loaded successfully.
2025-12-13 23:59:53,403 - se_portal - INFO - templates.py:143 - Deleted template: Advanced Security
2025-12-13 23:59:56,082 - se_portal - INFO - templates.py:143 - Deleted template: Network Simulation
2025-12-13 23:59:58,523 - se_portal - INFO - templates.py:143 - Deleted template: Base Environment
2025-12-14 00:00:25,611 - se_portal - INFO - templates.py:97 - Created template: ggh with 1 VMs
2025-12-14 00:05:40,912 - se_portal - INFO - main.py:82 - Starting up application...
2025-12-14 00:05:41,079 - se_portal.email_service - INFO - email_service.py:39 - Email configuration loaded successfully.
2025-12-14 00:05:44,835 - se_portal - INFO - main.py:82 - Starting up application...
2025-12-14 00:05:44,995 - se_portal.email_service - INFO - email_service.py:39 - Email configuration loaded successfully.
2025-12-14 00:06:05,724 - se_portal - INFO - templates.py:143 - Deleted template: Advanced Security
2025-12-14 00:06:08,067 - se_portal - INFO - templates.py:143 - Deleted template: Network Simulation
2025-12-14 00:06:11,141 - se_portal - INFO - templates.py:143 - Deleted template: Base Environment
2025-12-14 00:09:10,018 - se_portal - INFO - main.py:82 - Starting up application...
2025-12-14 00:09:10,175 - se_portal.email_service - INFO - email_service.py:39 - Email configuration loaded successfully.
2025-12-14 00:13:49,800 - se_portal - INFO - main.py:82 - Starting up application...
2025-12-14 00:13:49,956 - se_portal.email_service - INFO - email_service.py:39 - Email configuration loaded successfully.
2025-12-14 00:14:50,039 - se_portal - INFO - main.py:82 - Starting up application...
2025-12-14 00:14:50,206 - se_portal.email_service - INFO - email_service.py:39 - Email configuration loaded successfully.
2025-12-14 00:16:43,778 - se_portal - INFO - main.py:82 - Starting up application...
2025-12-14 00:16:43,935 - se_portal.email_service - INFO - email_service.py:39 - Email configuration loaded successfully.
2025-12-14 00:18:54,658 - se_portal - INFO - main.py:82 - Starting up application...
2025-12-14 00:18:54,819 - se_portal.email_service - INFO - email_service.py:39 - Email configuration loaded successfully.
2025-12-14 00:19:40,864 - se_portal - INFO - main.py:82 - Starting up application...
2025-12-14 00:19:41,022 - se_portal.email_service - INFO - email_service.py:39 - Email configuration loaded successfully.
2025-12-14 00:21:02,025 - se_portal - INFO - templates.py:143 - Deleted template: Advanced Security
2025-12-14 00:21:04,936 - se_portal - INFO - templates.py:143 - Deleted template: Network Simulation
2025-12-14 00:21:07,725 - se_portal - INFO - templates.py:143 - Deleted template: Base Environment
2025-12-14 05:23:42,558 - se_portal - INFO - main.py:82 - Starting up application...
2025-12-14 05:23:42,896 - se_portal.email_service - INFO - email_service.py:39 - Email configuration loaded successfully.
2025-12-14 00:27:42,484 - se_portal - INFO - main.py:82 - Starting up application...
2025-12-14 00:27:42,653 - se_portal.email_service - INFO - email_service.py:39 - Email configuration loaded successfully.
2025-12-14 00:30:37,170 - se_portal - INFO - main.py:82 - Starting up application...
2025-12-14 00:30:37,335 - se_portal.email_service - INFO - email_service.py:39 - Email configuration loaded successfully.
2025-12-14 00:34:59,704 - se_portal - INFO - templates.py:143 - Deleted template: Base Environment
2025-12-14 00:35:02,040 - se_portal - INFO - templates.py:143 - Deleted template: Advanced Security
2025-12-14 00:35:06,406 - se_portal - INFO - templates.py:143 - Deleted template: Network Simulation
2025-12-14 00:38:49,702 - se_portal - INFO - templates.py:97 - Created template: PFSENSE with 2 VMs
2025-12-14 00:41:04,776 - se_portal - INFO - main.py:82 - Starting up application...
2025-12-14 00:41:04,944 - se_portal.email_service - INFO - email_service.py:39 - Email configuration loaded successfully.
2025-12-14 00:41:19,032 - se_portal - INFO - main.py:82 - Starting up application...
2025-12-14 00:41:19,199 - se_portal.email_service - INFO - email_service.py:39 - Email configuration loaded successfully.
2025-12-14 00:51:23,114 - se_portal - INFO - main.py:82 - Starting up application...
2025-12-14 00:51:23,279 - se_portal.email_service - INFO - email_service.py:39 - Email configuration loaded successfully.
2025-12-14 00:59:34,441 - se_portal - INFO - main.py:82 - Starting up application...
2025-12-14 00:59:34,608 - se_portal.email_service - INFO - email_service.py:39 - Email configuration loaded successfully.
2025-12-14 00:59:48,384 - se_portal - INFO - main.py:82 - Starting up application...
2025-12-14 00:59:48,554 - se_portal.email_service - INFO - email_service.py:39 - Email configuration loaded successfully.
2025-12-14 01:10:13,206 - se_portal - INFO - main.py:82 - Starting up application...
2025-12-14 01:10:13,373 - se_portal.email_service - INFO - email_service.py:39 - Email configuration loaded successfully.
2025-12-14 01:11:07,268 - se_portal - INFO - main.py:82 - Starting up application...
2025-12-14 01:11:07,434 - se_portal.email_service - INFO - email_service.py:39 - Email configuration loaded successfully.
2025-12-14 01:11:11,116 - se_portal - INFO - main.py:82 - Starting up application...
2025-12-14 01:11:11,288 - se_portal.email_service - INFO - email_service.py:39 - Email configuration loaded successfully.
2025-12-14 01:12:32,397 - se_portal - INFO - main.py:82 - Starting up application...
2025-12-14 01:12:37,589 - se_portal.email_service - INFO - email_service.py:39 - Email configuration loaded successfully.
2025-12-14 01:16:21,823 - se_portal - INFO - templates.py:143 - Deleted template: PFSENSE
2025-12-14 01:16:46,967 - se_portal - INFO - templates.py:97 - Created template: hh with 1 VMs
2025-12-14 01:27:28,644 - se_portal - INFO - main.py:82 - Starting up application...
2025-12-14 01:27:33,822 - se_portal.email_service - INFO - email_service.py:39 - Email configuration loaded successfully.
2025-12-14 01:27:45,961 - se_portal - INFO - main.py:82 - Starting up application...
2025-12-14 01:27:51,140 - se_portal.email_service - INFO - email_service.py:39 - Email configuration loaded successfully.
2025-12-14 01:28:00,061 - se_portal - INFO - main.py:82 - Starting up application...
2025-12-14 01:28:05,246 - se_portal.email_service - INFO - email_service.py:39 - Email configuration loaded successfully.
2025-12-14 01:28:13,873 - se_portal - INFO - main.py:82 - Starting up application...
2025-12-14 01:28:19,063 - se_portal.email_service - INFO - email_service.py:39 - Email configuration loaded successfully.
2025-12-14 02:18:58,553 - se_portal - INFO - main.py:82 - Starting up application...
2025-12-14 02:19:03,738 - se_portal.email_service - INFO - email_service.py:39 - Email configuration loaded successfully.
2025-12-14 02:55:02,447 - se_portal - INFO - templates.py:143 - Deleted template: hh
2025-12-14 02:55:28,446 - se_portal - INFO - templates.py:97 - Created template: pfsense_template with 1 VMs
2025-12-14 08:32:51,859 - se_portal - INFO - templates.py:143 - Deleted template: Advanced Security
2025-12-14 08:32:57,121 - se_portal - INFO - templates.py:143 - Deleted template: Base Environment
2025-12-14 03:34:03,849 - se_portal - INFO - main.py:82 - Starting up application...
2025-12-14 03:34:09,034 - se_portal.email_service - INFO - email_service.py:39 - Email configuration loaded successfully.
2025-12-14 03:41:29,193 - se_portal - INFO - main.py:82 - Starting up application...
2025-12-14 03:41:34,381 - se_portal.email_service - INFO - email_service.py:39 - Email configuration loaded successfully.
2025-12-14 03:49:49,999 - se_portal - INFO - main.py:82 - Starting up application...
2025-12-14 03:49:55,196 - se_portal.email_service - INFO - email_service.py:39 - Email configuration loaded successfully.
2025-12-14 03:52:32,979 - se_portal - INFO - main.py:82 - Starting up application...
2025-12-14 03:52:38,165 - se_portal.email_service - INFO - email_service.py:39 - Email configuration loaded successfully.
2025-12-14 08:58:10,431 - se_portal - INFO - main.py:82 - Starting up application...
2025-12-14 08:58:15,791 - se_portal.email_service - INFO - email_service.py:39 - Email configuration loaded successfully.
2025-12-14 04:11:20,159 - se_portal - INFO - main.py:82 - Starting up application...
2025-12-14 04:11:25,354 - se_portal.email_service - INFO - email_service.py:39 - Email configuration loaded successfully.
2025-12-14 09:13:01,522 - se_portal - INFO - main.py:82 - Starting up application...
2025-12-14 09:13:06,822 - se_portal.email_service - INFO - email_service.py:39 - Email configuration loaded successfully.
2025-12-14 04:15:39,517 - se_portal - INFO - main.py:82 - Starting up application...
2025-12-14 04:15:48,805 - se_portal.email_service - INFO - email_service.py:39 - Email configuration loaded successfully.
2025-12-14 04:16:50,871 - se_portal - INFO - main.py:82 - Starting up application...
2025-12-14 04:17:00,102 - se_portal.email_service - INFO - email_service.py:39 - Email configuration loaded successfully.
2025-12-14 04:18:30,693 - se_portal - INFO - main.py:82 - Starting up application...
2025-12-14 04:18:35,874 - se_portal.email_service - INFO - email_service.py:39 - Email configuration loaded successfully.
2025-12-14 04:22:57,182 - se_portal - INFO - main.py:82 - Starting up application...
2025-12-14 04:23:02,355 - se_portal.email_service - INFO - email_service.py:39 - Email configuration loaded successfully.
2025-12-14 04:23:38,383 - se_portal - INFO - main.py:82 - Starting up application...
2025-12-14 04:23:43,570 - se_portal.email_service - INFO - email_service.py:39 - Email configuration loaded successfully.
2025-12-14 09:26:00,660 - se_portal - INFO - main.py:82 - Starting up application...
2025-12-14 09:26:05,999 - se_portal.email_service - INFO - email_service.py:39 - Email configuration loaded successfully.
